{"logTime": "1009/093141", "correlationVector":"+YKD5W3vXznn9BPYzuLxf9.0","action":"FeedSettingFetch_homeCloud", "result":"0", "context":{}}
{"logTime": "1009/093141", "correlationVector":"EJhI+d25gYWx/gxREwLHVE.1","action":"SyncServerConnectionManagerRequest", "result":"SYNC_SERVER_OK", "context":{"environment":"Prod_SoutheastAsia", "server":"GENERAL0100000P"}}
{"logTime": "1009/093141", "correlationVector":"EJhI+d25gYWx/gxREwLHVE","action":"Initial GetUpdates", "result":"", "context":Reason: NEW_CLIENT. cV=EJhI+d25gYWx/gxREwLHVE}
{"logTime": "1009/093141", "correlationVector":"EJhI+d25gYWx/gxREwLHVE.2","action":"GetUpdates Response", "result":"SYNCER_OK", "context":Received 1 update(s). cV=EJhI+d25gYWx/gxREwLHVE.0;server=GENERAL0100000P;cloudType=Consumer;environment=Prod_SoutheastAsia}
{"logTime": "1009/093204", "correlationVector":"NU82z3PqMobbTqOwzQw/0Y","action":"SyncServerConnectionManagerRequest", "result":"SYNC_SERVER_OK", "context":{"environment":"", "server":""}}
{"logTime": "1009/093205", "correlationVector":"xxYG49oSiXurnZb26PkFpj","action":"Initial GetUpdates", "result":"", "context":Reason: NEW_CLIENT. cV=xxYG49oSiXurnZb26PkFpj}
{"logTime": "1009/093207", "correlationVector":"xxYG49oSiXurnZb26PkFpj.1","action":"SyncServerConnectionManagerRequest", "result":"SYNC_SERVER_OK", "context":{"environment":"Prod_SoutheastAsia", "server":"GENERAL01000013"}}
{"logTime": "1009/093207", "correlationVector":"xxYG49oSiXurnZb26PkFpj.2","action":"GetUpdates Response", "result":"SYNCER_OK", "context":Received 12 update(s). cV=xxYG49oSiXurnZb26PkFpj.0;server=GENERAL01000013;cloudType=Consumer;environment=Prod_SoutheastAsia}
{"logTime": "1009/093207", "correlationVector":"6y4wc6EhV6eoZ5J4IqmvrE","action":"Normal GetUpdate request", "result":"", "context":cV=6y4wc6EhV6eoZ5J4IqmvrE
Nudged types: Device Info, User Consents
Refresh requested types: Device Info, User Consents, Send Tab To Self, Encryption Keys}
{"logTime": "1009/093207", "correlationVector":"6y4wc6EhV6eoZ5J4IqmvrE.1","action":"SyncServerConnectionManagerRequest", "result":"SYNC_SERVER_OK", "context":{"environment":"Prod_SoutheastAsia", "server":"GENERAL0100000T"}}
{"logTime": "1009/093207", "correlationVector":"6y4wc6EhV6eoZ5J4IqmvrE.2","action":"GetUpdates Response", "result":"SYNCER_OK", "context":Received 0 update(s). cV=6y4wc6EhV6eoZ5J4IqmvrE.0;server=GENERAL0100000T;cloudType=Consumer;environment=Prod_SoutheastAsia}
{"logTime": "1009/093207", "correlationVector":"wSCEXzPQh+d6wKHHX5QeDp","action":"Commit Request", "result":"", "context":Item count: 1
Contributing types: Device Info}
{"logTime": "1009/093208", "correlationVector":"wSCEXzPQh+d6wKHHX5QeDp.1","action":"SyncServerConnectionManagerRequest", "result":"SYNC_SERVER_OK", "context":{"environment":"Prod_SoutheastAsia", "server":"GENERAL0100000Q"}}
{"logTime": "1009/093208", "correlationVector":"wSCEXzPQh+d6wKHHX5QeDp.2","action":"Commit Response", "result":"SYNCER_OK", "context":Result: SYNCER_OK. cV=wSCEXzPQh+d6wKHHX5QeDp.0;server=GENERAL0100000Q;cloudType=Consumer;environment=Prod_SoutheastAsia}
{"logTime": "1009/093208", "correlationVector":"fDtn4HdV+KEwWPPfZ2rIvC","action":"Commit Request", "result":"", "context":Item count: 1
Contributing types: User Consents}
{"logTime": "1009/093208", "correlationVector":"fDtn4HdV+KEwWPPfZ2rIvC.1","action":"SyncServerConnectionManagerRequest", "result":"SYNC_SERVER_OK", "context":{"environment":"Prod_SoutheastAsia", "server":"GENERAL01000003"}}
{"logTime": "1009/093208", "correlationVector":"fDtn4HdV+KEwWPPfZ2rIvC.2","action":"Commit Response", "result":"SYNCER_OK", "context":Result: SYNCER_OK. cV=fDtn4HdV+KEwWPPfZ2rIvC.0;server=GENERAL01000003;cloudType=Consumer;environment=Prod_SoutheastAsia}
